Using pre-set license
Built from '2020.3/staging' branch; Version is '2020.3.5f1 (8095aa901b9b) revision 8426922'; Using compiler version '192528614'; Build Type 'Release'
OS: 'Windows 10 Pro; OS build 19042.928; Version 2009; 64bit' Language: 'en' Physical Memory: 16310 MB
BatchMode: 1, IsHumanControllingUs: 0, StartBugReporterOnCrash: 0, Is64bit: 1, IsPro: 0

 COMMAND LINE ARGUMENTS:
D:\UnityEditors\2020.3.5f1\Editor\Unity.exe
-adb2
-batchMode
-noUpm
-name
AssetImportWorker0
-projectPath
D:/Games/LDJam48
-logFile
Logs/AssetImportWorker0.log
-srvPort
60354
Successfully changed project path to: D:/Games/LDJam48
D:/Games/LDJam48
Using Asset Import Pipeline V2.
Refreshing native plugins compatible for Editor in 25.27 ms, found 0 plugins.
Preloading 0 native plugins for Editor in 0.00 ms.
Initialize engine version: 2020.3.5f1 (8095aa901b9b)
[Subsystems] Discovering subsystems at path D:/UnityEditors/2020.3.5f1/Editor/Data/Resources/UnitySubsystems
[Subsystems] Discovering subsystems at path D:/Games/LDJam48/Assets
GfxDevice: creating device client; threaded=0
Direct3D:
    Version:  Direct3D 11.0 [level 11.1]
    Renderer: NVIDIA GeForce GTX 1060 6GB (ID=0x1c03)
    Vendor:   
    VRAM:     6052 MB
    Driver:   27.21.14.5671
Initialize mono
Mono path[0] = 'D:/UnityEditors/2020.3.5f1/Editor/Data/Managed'
Mono path[1] = 'D:/UnityEditors/2020.3.5f1/Editor/Data/MonoBleedingEdge/lib/mono/unityjit'
Mono config path = 'D:/UnityEditors/2020.3.5f1/Editor/Data/MonoBleedingEdge/etc'
Using monoOptions --debugger-agent=transport=dt_socket,embedding=1,server=y,suspend=n,address=127.0.0.1:56876
Begin MonoManager ReloadAssembly
Registering precompiled unity dll's ...
Register platform support module: D:/UnityEditors/2020.3.5f1/Editor/Data/PlaybackEngines/WebGLSupport/UnityEditor.WebGL.Extensions.dll
Register platform support module: D:/UnityEditors/2020.3.5f1/Editor/Data/PlaybackEngines/MacStandaloneSupport/UnityEditor.OSXStandalone.Extensions.dll
Register platform support module: D:/UnityEditors/2020.3.5f1/Editor/Data/PlaybackEngines/WindowsStandaloneSupport/UnityEditor.WindowsStandalone.Extensions.dll
Register platform support module: D:/UnityEditors/2020.3.5f1/Editor/Data/PlaybackEngines/LinuxStandaloneSupport/UnityEditor.LinuxStandalone.Extensions.dll
Registered in 0.001288 seconds.
Native extension for LinuxStandalone target not found
Native extension for WindowsStandalone target not found
Native extension for OSXStandalone target not found
Native extension for WebGL target not found
Refreshing native plugins compatible for Editor in 26.11 ms, found 0 plugins.
Preloading 0 native plugins for Editor in 0.00 ms.
Mono: successfully reloaded assembly
- Completed reload, in  0.721 seconds
Platform modules already initialized, skipping
Registering precompiled user dll's ...
Registered in 0.000340 seconds.
Begin MonoManager ReloadAssembly
Native extension for LinuxStandalone target not found
Native extension for WindowsStandalone target not found
Native extension for OSXStandalone target not found
Native extension for WebGL target not found
Refreshing native plugins compatible for Editor in 0.24 ms, found 0 plugins.
Preloading 0 native plugins for Editor in 0.00 ms.
Mono: successfully reloaded assembly
- Completed reload, in  0.657 seconds
Platform modules already initialized, skipping
========================================================================
Worker process is ready to serve import requests
Launched and connected shader compiler UnityShaderCompiler.exe after 0.07 seconds
Refreshing native plugins compatible for Editor in 0.24 ms, found 0 plugins.
Preloading 0 native plugins for Editor in 0.00 ms.
Unloading 1391 Unused Serialized files (Serialized files now loaded: 0)
System memory in use before: 84.7 MB.
System memory in use after: 84.7 MB.

Unloading 14 unused Assets to reduce memory usage. Loaded Objects now: 1857.
Total: 1.858400 ms (FindLiveObjects: 0.170000 ms CreateObjectMapping: 0.035500 ms MarkObjects: 1.564400 ms  DeleteObjects: 0.087400 ms)

========================================================================
Received Import Request.
  path: Assets/Scenes/MainMenu.unity
  artifactKey: Guid(97d72ff1dfd69444a9885ee455c22d76) Importer(815301076,1909f56bfc062723c751e8b465ee728b)
Start importing Assets/Scenes/MainMenu.unity using Guid(97d72ff1dfd69444a9885ee455c22d76) Importer(815301076,1909f56bfc062723c751e8b465ee728b)  -> (artifact id: '5b98252429b6c267d1b8caa404e29e43') in 0.013448 seconds
  Import took 0.045830 seconds .

========================================================================
Received Import Request.
  Time since last request: 47.377918 seconds.
  path: Assets/Scenes/SampleScene.unity
  artifactKey: Guid(9fc0d4010bbf28b4594072e72b8655ab) Importer(815301076,1909f56bfc062723c751e8b465ee728b)
Start importing Assets/Scenes/SampleScene.unity using Guid(9fc0d4010bbf28b4594072e72b8655ab) Importer(815301076,1909f56bfc062723c751e8b465ee728b)  -> (artifact id: '9a1c9df6636c9297e04775021b87c946') in 0.005191 seconds
  Import took 0.035618 seconds .

========================================================================
Received Import Request.
  Time since last request: 12.742492 seconds.
  path: Assets/Scenes/MainMenu.unity
  artifactKey: Guid(97d72ff1dfd69444a9885ee455c22d76) Importer(815301076,1909f56bfc062723c751e8b465ee728b)
Start importing Assets/Scenes/MainMenu.unity using Guid(97d72ff1dfd69444a9885ee455c22d76) Importer(815301076,1909f56bfc062723c751e8b465ee728b)  -> (artifact id: '09ed439afe46007cecac7900628def7e') in 0.001489 seconds
  Import took 0.021717 seconds .

========================================================================
Received Import Request.
  Time since last request: 27.320919 seconds.
  path: Assets/Images/title card.png
  artifactKey: Guid(f1cccda29121649409d385dcc6b9ff81) Importer(815301076,1909f56bfc062723c751e8b465ee728b)
Start importing Assets/Images/title card.png using Guid(f1cccda29121649409d385dcc6b9ff81) Importer(815301076,1909f56bfc062723c751e8b465ee728b)  -> (artifact id: '294345a7c15cae43f01c10bb710e1791') in 0.121126 seconds
  Import took 0.160840 seconds .

========================================================================
Received Import Request.
  Time since last request: 8.931118 seconds.
  path: Assets/Images/title card.png
  artifactKey: Guid(f1cccda29121649409d385dcc6b9ff81) Importer(815301076,1909f56bfc062723c751e8b465ee728b)
Start importing Assets/Images/title card.png using Guid(f1cccda29121649409d385dcc6b9ff81) Importer(815301076,1909f56bfc062723c751e8b465ee728b)  -> (artifact id: 'ae99207e2f6d6b590cd89e33cbc87e19') in 0.053769 seconds
  Import took 0.074402 seconds .

========================================================================
Received Prepare
Registering precompiled user dll's ...
Registered in 0.000501 seconds.
Begin MonoManager ReloadAssembly
Native extension for LinuxStandalone target not found
Native extension for WindowsStandalone target not found
Native extension for OSXStandalone target not found
Native extension for WebGL target not found
Refreshing native plugins compatible for Editor in 0.26 ms, found 0 plugins.
Preloading 0 native plugins for Editor in 0.00 ms.
Mono: successfully reloaded assembly
- Completed reload, in  0.645 seconds
Platform modules already initialized, skipping
Refreshing native plugins compatible for Editor in 0.33 ms, found 0 plugins.
Preloading 0 native plugins for Editor in 0.00 ms.
Unloading 1345 Unused Serialized files (Serialized files now loaded: 0)
System memory in use before: 83.6 MB.
System memory in use after: 83.7 MB.

Unloading 5 unused Assets to reduce memory usage. Loaded Objects now: 1867.
Total: 1.699800 ms (FindLiveObjects: 0.167800 ms CreateObjectMapping: 0.030300 ms MarkObjects: 1.437200 ms  DeleteObjects: 0.063500 ms)

========================================================================
Received Import Request.
  Time since last request: 446.302482 seconds.
  path: Assets/Images/headparticle.png
  artifactKey: Guid(899283d597885b247a7a00198708236f) Importer(815301076,1909f56bfc062723c751e8b465ee728b)
Start importing Assets/Images/headparticle.png using Guid(899283d597885b247a7a00198708236f) Importer(815301076,1909f56bfc062723c751e8b465ee728b)  -> (artifact id: 'b8e1128b05028fc28c5741aa7fa2bb1e') in 0.029848 seconds
  Import took 0.052201 seconds .

========================================================================
Received Import Request.
  Time since last request: 12.395036 seconds.
  path: Assets/Images/headparticle.png
  artifactKey: Guid(899283d597885b247a7a00198708236f) Importer(815301076,1909f56bfc062723c751e8b465ee728b)
Start importing Assets/Images/headparticle.png using Guid(899283d597885b247a7a00198708236f) Importer(815301076,1909f56bfc062723c751e8b465ee728b)  -> (artifact id: 'b8e1128b05028fc28c5741aa7fa2bb1e') in 0.003352 seconds
  Import took 0.005474 seconds .

========================================================================
Received Import Request.
  Time since last request: 6.692977 seconds.
  path: Assets/Images/faceparticle.mat
  artifactKey: Guid(5944ef6d25246494faab77af7ffd7c8d) Importer(815301076,1909f56bfc062723c751e8b465ee728b)
Start importing Assets/Images/faceparticle.mat using Guid(5944ef6d25246494faab77af7ffd7c8d) Importer(815301076,1909f56bfc062723c751e8b465ee728b)  -> (artifact id: '55e946fe27bc3cb2a91e16cbcb285fde') in 0.041095 seconds
  Import took 0.056945 seconds .

========================================================================
Received Import Request.
  Time since last request: 15.070831 seconds.
  path: Assets/Images/headparticle.png
  artifactKey: Guid(899283d597885b247a7a00198708236f) Importer(815301076,1909f56bfc062723c751e8b465ee728b)
Start importing Assets/Images/headparticle.png using Guid(899283d597885b247a7a00198708236f) Importer(815301076,1909f56bfc062723c751e8b465ee728b)  -> (artifact id: '02d408abc165182910f501a861278596') in 0.017074 seconds
  Import took 0.024184 seconds .

========================================================================
Received Import Request.
  Time since last request: 19.007011 seconds.
  path: Assets/Placeholders/ScienceGlass.mat
  artifactKey: Guid(77c1c02e72c59754cb6e75f03c55c181) Importer(815301076,1909f56bfc062723c751e8b465ee728b)
Start importing Assets/Placeholders/ScienceGlass.mat using Guid(77c1c02e72c59754cb6e75f03c55c181) Importer(815301076,1909f56bfc062723c751e8b465ee728b)  -> (artifact id: '5c203320f55d8d588d9303084f17f550') in 0.053879 seconds
  Import took 0.058737 seconds .

========================================================================
Received Import Request.
  Time since last request: 0.000199 seconds.
  path: Assets/Fonts/ZenDots-Regular SDF.asset
  artifactKey: Guid(93f4cfa0913f8354da9b57ea666ddda6) Importer(815301076,1909f56bfc062723c751e8b465ee728b)
Start importing Assets/Fonts/ZenDots-Regular SDF.asset using Guid(93f4cfa0913f8354da9b57ea666ddda6) Importer(815301076,1909f56bfc062723c751e8b465ee728b)  -> (artifact id: '8dee5fff72473ea40b9f37c6f7103ee8') in 0.114532 seconds
  Import took 0.116751 seconds .

========================================================================
Received Import Request.
  Time since last request: 0.000350 seconds.
  path: Assets/Fonts/ZenDots-Regular SDF.asset
  artifactKey: Guid(93f4cfa0913f8354da9b57ea666ddda6) Importer(815301076,1909f56bfc062723c751e8b465ee728b)
Start importing Assets/Fonts/ZenDots-Regular SDF.asset using Guid(93f4cfa0913f8354da9b57ea666ddda6) Importer(815301076,1909f56bfc062723c751e8b465ee728b)  -> (artifact id: '8dee5fff72473ea40b9f37c6f7103ee8') in 0.019881 seconds
  Import took 0.022025 seconds .

========================================================================
Received Prepare
Registering precompiled user dll's ...
Registered in 0.000428 seconds.
Begin MonoManager ReloadAssembly
Native extension for LinuxStandalone target not found
Native extension for WindowsStandalone target not found
Native extension for OSXStandalone target not found
Native extension for WebGL target not found
Refreshing native plugins compatible for Editor in 0.29 ms, found 0 plugins.
Preloading 0 native plugins for Editor in 0.00 ms.
Mono: successfully reloaded assembly
- Completed reload, in  0.689 seconds
Platform modules already initialized, skipping
Refreshing native plugins compatible for Editor in 0.27 ms, found 0 plugins.
Preloading 0 native plugins for Editor in 0.00 ms.
Unloading 1345 Unused Serialized files (Serialized files now loaded: 0)
System memory in use before: 84.0 MB.
System memory in use after: 84.0 MB.

Unloading 5 unused Assets to reduce memory usage. Loaded Objects now: 1912.
Total: 1.600800 ms (FindLiveObjects: 0.184000 ms CreateObjectMapping: 0.032500 ms MarkObjects: 1.323600 ms  DeleteObjects: 0.059600 ms)

========================================================================
Received Import Request.
  Time since last request: 752.217051 seconds.
  path: Assets/Images/playbutton.png
  artifactKey: Guid(110c2e89ae5629b4193452413a8453e8) Importer(815301076,1909f56bfc062723c751e8b465ee728b)
Start importing Assets/Images/playbutton.png using Guid(110c2e89ae5629b4193452413a8453e8) Importer(815301076,1909f56bfc062723c751e8b465ee728b)  -> (artifact id: '99f12402ee64e402ae1e43a3d9174d3e') in 0.031454 seconds
  Import took 0.048966 seconds .

========================================================================
Received Import Request.
  Time since last request: 5.394480 seconds.
  path: Assets/Images/playbutton.png
  artifactKey: Guid(110c2e89ae5629b4193452413a8453e8) Importer(815301076,1909f56bfc062723c751e8b465ee728b)
Start importing Assets/Images/playbutton.png using Guid(110c2e89ae5629b4193452413a8453e8) Importer(815301076,1909f56bfc062723c751e8b465ee728b)  -> (artifact id: '41ae7db080e46e7ea10576a95631d9db') in 0.018020 seconds
  Import took 0.028760 seconds .

========================================================================
Received Import Request.
  Time since last request: 49.929243 seconds.
  path: Assets/Images/playbig.png
  artifactKey: Guid(fe9803927dea3024cb8bd2ff1364e500) Importer(815301076,1909f56bfc062723c751e8b465ee728b)
Start importing Assets/Images/playbig.png using Guid(fe9803927dea3024cb8bd2ff1364e500) Importer(815301076,1909f56bfc062723c751e8b465ee728b)  -> (artifact id: 'aaf0933adf61baaa751c4ce39029b68c') in 0.009923 seconds
  Import took 0.019532 seconds .

========================================================================
Received Import Request.
  Time since last request: 4.133280 seconds.
  path: Assets/Images/playbig.png
  artifactKey: Guid(fe9803927dea3024cb8bd2ff1364e500) Importer(815301076,1909f56bfc062723c751e8b465ee728b)
Start importing Assets/Images/playbig.png using Guid(fe9803927dea3024cb8bd2ff1364e500) Importer(815301076,1909f56bfc062723c751e8b465ee728b)  -> (artifact id: '5455acb57e3f62c1f9cdbc244c3ff9c8') in 0.008941 seconds
  Import took 0.017725 seconds .

========================================================================
Received Import Request.
  Time since last request: 7.702386 seconds.
  path: Assets/Images/faceparticle.mat
  artifactKey: Guid(5944ef6d25246494faab77af7ffd7c8d) Importer(815301076,1909f56bfc062723c751e8b465ee728b)
Start importing Assets/Images/faceparticle.mat using Guid(5944ef6d25246494faab77af7ffd7c8d) Importer(815301076,1909f56bfc062723c751e8b465ee728b)  -> (artifact id: '85e62e048d2443f3f66d5c34aa59415e') in 0.024050 seconds
  Import took 0.026296 seconds .

========================================================================
Received Prepare
Registering precompiled user dll's ...
Registered in 0.000410 seconds.
Begin MonoManager ReloadAssembly
Native extension for LinuxStandalone target not found
Native extension for WindowsStandalone target not found
Native extension for OSXStandalone target not found
Native extension for WebGL target not found
Refreshing native plugins compatible for Editor in 0.29 ms, found 0 plugins.
Preloading 0 native plugins for Editor in 0.00 ms.
Mono: successfully reloaded assembly
- Completed reload, in  0.644 seconds
Platform modules already initialized, skipping
Refreshing native plugins compatible for Editor in 0.24 ms, found 0 plugins.
Preloading 0 native plugins for Editor in 0.00 ms.
Unloading 1346 Unused Serialized files (Serialized files now loaded: 0)
System memory in use before: 84.0 MB.
System memory in use after: 84.1 MB.

Unloading 5 unused Assets to reduce memory usage. Loaded Objects now: 1921.
Total: 1.488800 ms (FindLiveObjects: 0.158900 ms CreateObjectMapping: 0.030500 ms MarkObjects: 1.243300 ms  DeleteObjects: 0.055200 ms)

========================================================================
Received Import Request.
  Time since last request: 71.524589 seconds.
  path: Assets/Scripts/MainMenu.cs
  artifactKey: Guid(cfbb251bd82f9e94f89a2fe8583421bf) Importer(815301076,1909f56bfc062723c751e8b465ee728b)
Start importing Assets/Scripts/MainMenu.cs using Guid(cfbb251bd82f9e94f89a2fe8583421bf) Importer(815301076,1909f56bfc062723c751e8b465ee728b)  -> (artifact id: 'c8eac70de0ec7ae29d4cfa54c16f87ac') in 0.009593 seconds
  Import took 0.034202 seconds .

========================================================================
Received Prepare
Registering precompiled user dll's ...
Registered in 0.000353 seconds.
Begin MonoManager ReloadAssembly
Native extension for LinuxStandalone target not found
Native extension for WindowsStandalone target not found
Native extension for OSXStandalone target not found
Native extension for WebGL target not found
Refreshing native plugins compatible for Editor in 0.25 ms, found 0 plugins.
Preloading 0 native plugins for Editor in 0.00 ms.
Mono: successfully reloaded assembly
- Completed reload, in  0.624 seconds
Platform modules already initialized, skipping
Refreshing native plugins compatible for Editor in 0.24 ms, found 0 plugins.
Preloading 0 native plugins for Editor in 0.00 ms.
Unloading 1346 Unused Serialized files (Serialized files now loaded: 0)
System memory in use before: 84.0 MB.
System memory in use after: 84.1 MB.

Unloading 5 unused Assets to reduce memory usage. Loaded Objects now: 1924.
Total: 1.749400 ms (FindLiveObjects: 0.186700 ms CreateObjectMapping: 0.032300 ms MarkObjects: 1.457700 ms  DeleteObjects: 0.070900 ms)

========================================================================
Received Prepare
Registering precompiled user dll's ...
Registered in 0.000652 seconds.
Begin MonoManager ReloadAssembly
Native extension for LinuxStandalone target not found
Native extension for WindowsStandalone target not found
Native extension for OSXStandalone target not found
Native extension for WebGL target not found
Refreshing native plugins compatible for Editor in 0.26 ms, found 0 plugins.
Preloading 0 native plugins for Editor in 0.00 ms.
Mono: successfully reloaded assembly
- Completed reload, in  0.619 seconds
Platform modules already initialized, skipping
Refreshing native plugins compatible for Editor in 0.25 ms, found 0 plugins.
Preloading 0 native plugins for Editor in 0.00 ms.
Unloading 1346 Unused Serialized files (Serialized files now loaded: 0)
System memory in use before: 84.0 MB.
System memory in use after: 84.1 MB.

Unloading 5 unused Assets to reduce memory usage. Loaded Objects now: 1927.
Total: 2.062600 ms (FindLiveObjects: 0.249900 ms CreateObjectMapping: 0.043500 ms MarkObjects: 1.694000 ms  DeleteObjects: 0.074000 ms)

========================================================================
Received Import Request.
  Time since last request: 71.092263 seconds.
  path: Assets/Scripts/MainMenu.cs
  artifactKey: Guid(cfbb251bd82f9e94f89a2fe8583421bf) Importer(815301076,1909f56bfc062723c751e8b465ee728b)
Start importing Assets/Scripts/MainMenu.cs using Guid(cfbb251bd82f9e94f89a2fe8583421bf) Importer(815301076,1909f56bfc062723c751e8b465ee728b)  -> (artifact id: 'ee450df445d2c3d627288ecd0365f469') in 0.003583 seconds
  Import took 0.028805 seconds .

========================================================================
Received Import Request.
  Time since last request: 72.442426 seconds.
  path: Assets/Images/different resolution.png
  artifactKey: Guid(3b8b7665d8677ee47ad5d08c750478db) Importer(815301076,1909f56bfc062723c751e8b465ee728b)
Start importing Assets/Images/different resolution.png using Guid(3b8b7665d8677ee47ad5d08c750478db) Importer(815301076,1909f56bfc062723c751e8b465ee728b)  -> (artifact id: '523e72cdf5c6f37c36566d2c8afb34c6') in 0.030399 seconds
  Import took 0.037436 seconds .

========================================================================
Received Import Request.
  Time since last request: 5.096887 seconds.
  path: Assets/Images/different resolution.png
  artifactKey: Guid(3b8b7665d8677ee47ad5d08c750478db) Importer(815301076,1909f56bfc062723c751e8b465ee728b)
Start importing Assets/Images/different resolution.png using Guid(3b8b7665d8677ee47ad5d08c750478db) Importer(815301076,1909f56bfc062723c751e8b465ee728b)  -> (artifact id: '3304d841a695add1721cb3348925d63e') in 0.022990 seconds
  Import took 0.038901 seconds .

========================================================================
Received Import Request.
  Time since last request: 43.879626 seconds.
  path: Assets/Images/different resolution.png
  artifactKey: Guid(3b8b7665d8677ee47ad5d08c750478db) Importer(815301076,1909f56bfc062723c751e8b465ee728b)
Start importing Assets/Images/different resolution.png using Guid(3b8b7665d8677ee47ad5d08c750478db) Importer(815301076,1909f56bfc062723c751e8b465ee728b)  -> (artifact id: 'e4bb8bb2abedd4eca1393d2f0dfa81d1') in 0.030684 seconds
  Import took 0.043770 seconds .

========================================================================
Received Import Request.
  Time since last request: 33.459432 seconds.
  path: Assets/Audio
  artifactKey: Guid(7026376d5974c20419d2d9e812f5ce11) Importer(815301076,1909f56bfc062723c751e8b465ee728b)
Start importing Assets/Audio using Guid(7026376d5974c20419d2d9e812f5ce11) Importer(815301076,1909f56bfc062723c751e8b465ee728b)  -> (artifact id: '26cbd99ed4f225a233aa00655a4ccbf5') in 0.005215 seconds
  Import took 0.016254 seconds .

========================================================================
Received Import Request.
  Time since last request: 9.781425 seconds.
  path: Assets/Audio/Music
  artifactKey: Guid(8296e59bc850320439ef224be5e5692d) Importer(815301076,1909f56bfc062723c751e8b465ee728b)
Start importing Assets/Audio/Music using Guid(8296e59bc850320439ef224be5e5692d) Importer(815301076,1909f56bfc062723c751e8b465ee728b)  -> (artifact id: '20fb77fb87c3910f69ef2f792e04b1e0') in 0.004909 seconds
  Import took 0.007097 seconds .

========================================================================
Received Import Request.
  Time since last request: 15.902479 seconds.
  path: Assets/Audio/Music/AmbianceTrack.mp3
  artifactKey: Guid(939ff21f49f8b5547b8daa5092ac7941) Importer(815301076,1909f56bfc062723c751e8b465ee728b)
Start importing Assets/Audio/Music/AmbianceTrack.mp3 using Guid(939ff21f49f8b5547b8daa5092ac7941) Importer(815301076,1909f56bfc062723c751e8b465ee728b)  -> (artifact id: 'cdf63771d50273a91a5f7ae09fd35771') in 0.099903 seconds
  Import took 0.102237 seconds .

========================================================================
Received Import Request.
  Time since last request: 5.482806 seconds.
  path: Assets/Audio/Music/MenuTrack.mp3
  artifactKey: Guid(7dc7688d8452ce94ebf4f1b0fe52dc27) Importer(815301076,1909f56bfc062723c751e8b465ee728b)
Start importing Assets/Audio/Music/MenuTrack.mp3 using Guid(7dc7688d8452ce94ebf4f1b0fe52dc27) Importer(815301076,1909f56bfc062723c751e8b465ee728b)  -> (artifact id: '5267660adcb5d5eb132cfaf68aeb6fb7') in 0.008979 seconds
  Import took 0.018081 seconds .

========================================================================
Received Prepare
Registering precompiled user dll's ...
Registered in 0.000387 seconds.
Begin MonoManager ReloadAssembly
Native extension for LinuxStandalone target not found
Native extension for WindowsStandalone target not found
Native extension for OSXStandalone target not found
Native extension for WebGL target not found
Refreshing native plugins compatible for Editor in 0.25 ms, found 0 plugins.
Preloading 0 native plugins for Editor in 0.00 ms.
Mono: successfully reloaded assembly
- Completed reload, in  0.609 seconds
Platform modules already initialized, skipping
Refreshing native plugins compatible for Editor in 0.25 ms, found 0 plugins.
Preloading 0 native plugins for Editor in 0.00 ms.
Unloading 1346 Unused Serialized files (Serialized files now loaded: 0)
System memory in use before: 84.1 MB.
System memory in use after: 84.2 MB.

Unloading 5 unused Assets to reduce memory usage. Loaded Objects now: 1935.
Total: 1.836500 ms (FindLiveObjects: 0.185900 ms CreateObjectMapping: 0.031300 ms MarkObjects: 1.545100 ms  DeleteObjects: 0.073200 ms)

========================================================================
Received Prepare
Registering precompiled user dll's ...
Registered in 0.000396 seconds.
Begin MonoManager ReloadAssembly
Native extension for LinuxStandalone target not found
Native extension for WindowsStandalone target not found
Native extension for OSXStandalone target not found
Native extension for WebGL target not found
Refreshing native plugins compatible for Editor in 0.26 ms, found 0 plugins.
Preloading 0 native plugins for Editor in 0.00 ms.
Mono: successfully reloaded assembly
- Completed reload, in  0.620 seconds
Platform modules already initialized, skipping
Refreshing native plugins compatible for Editor in 0.28 ms, found 0 plugins.
Preloading 0 native plugins for Editor in 0.00 ms.
Unloading 1346 Unused Serialized files (Serialized files now loaded: 0)
System memory in use before: 84.1 MB.
System memory in use after: 84.2 MB.

Unloading 5 unused Assets to reduce memory usage. Loaded Objects now: 1938.
Total: 1.538800 ms (FindLiveObjects: 0.156300 ms CreateObjectMapping: 0.031400 ms MarkObjects: 1.285200 ms  DeleteObjects: 0.064600 ms)

========================================================================
Received Import Request.
  Time since last request: 130.545335 seconds.
  path: Assets/Scenes/MainMenu.unity
  artifactKey: Guid(97d72ff1dfd69444a9885ee455c22d76) Importer(815301076,1909f56bfc062723c751e8b465ee728b)
Start importing Assets/Scenes/MainMenu.unity using Guid(97d72ff1dfd69444a9885ee455c22d76) Importer(815301076,1909f56bfc062723c751e8b465ee728b)  -> (artifact id: 'b42edad5b9cfc50e63feac3f55207e19') in 0.008270 seconds
  Import took 0.032692 seconds .

========================================================================
Received Import Request.
  Time since last request: 4.712495 seconds.
  path: Assets/Scenes/SampleScene.unity
  artifactKey: Guid(9fc0d4010bbf28b4594072e72b8655ab) Importer(815301076,1909f56bfc062723c751e8b465ee728b)
Start importing Assets/Scenes/SampleScene.unity using Guid(9fc0d4010bbf28b4594072e72b8655ab) Importer(815301076,1909f56bfc062723c751e8b465ee728b)  -> (artifact id: '56aba1499adec1a59673cb6146d09131') in 0.001590 seconds
  Import took 0.009071 seconds .

========================================================================
Received Prepare
Registering precompiled user dll's ...
Registered in 0.000362 seconds.
Begin MonoManager ReloadAssembly
Native extension for LinuxStandalone target not found
Native extension for WindowsStandalone target not found
Native extension for OSXStandalone target not found
Native extension for WebGL target not found
Refreshing native plugins compatible for Editor in 0.31 ms, found 0 plugins.
Preloading 0 native plugins for Editor in 0.00 ms.
Mono: successfully reloaded assembly
- Completed reload, in  0.649 seconds
Platform modules already initialized, skipping
Refreshing native plugins compatible for Editor in 0.25 ms, found 0 plugins.
Preloading 0 native plugins for Editor in 0.00 ms.
Unloading 1346 Unused Serialized files (Serialized files now loaded: 0)
System memory in use before: 84.1 MB.
System memory in use after: 84.2 MB.

Unloading 5 unused Assets to reduce memory usage. Loaded Objects now: 1941.
Total: 1.594100 ms (FindLiveObjects: 0.165100 ms CreateObjectMapping: 0.032100 ms MarkObjects: 1.329500 ms  DeleteObjects: 0.066600 ms)

========================================================================
Received Prepare
Registering precompiled user dll's ...
Registered in 0.000389 seconds.
Begin MonoManager ReloadAssembly
Native extension for LinuxStandalone target not found
Native extension for WindowsStandalone target not found
Native extension for OSXStandalone target not found
Native extension for WebGL target not found
Refreshing native plugins compatible for Editor in 0.25 ms, found 0 plugins.
Preloading 0 native plugins for Editor in 0.00 ms.
Mono: successfully reloaded assembly
- Completed reload, in  0.639 seconds
Platform modules already initialized, skipping
Refreshing native plugins compatible for Editor in 0.26 ms, found 0 plugins.
Preloading 0 native plugins for Editor in 0.00 ms.
Unloading 1346 Unused Serialized files (Serialized files now loaded: 0)
System memory in use before: 84.2 MB.
System memory in use after: 84.2 MB.

Unloading 5 unused Assets to reduce memory usage. Loaded Objects now: 1944.
Total: 1.889400 ms (FindLiveObjects: 0.217000 ms CreateObjectMapping: 0.033000 ms MarkObjects: 1.558600 ms  DeleteObjects: 0.079700 ms)

========================================================================
Received Import Request.
  Time since last request: 342.450014 seconds.
  path: Assets/Audio/SFX
  artifactKey: Guid(9719a1fbbdd4ff044b09c66189c43239) Importer(815301076,1909f56bfc062723c751e8b465ee728b)
Start importing Assets/Audio/SFX using Guid(9719a1fbbdd4ff044b09c66189c43239) Importer(815301076,1909f56bfc062723c751e8b465ee728b)  -> (artifact id: 'a3144c8afb86c8c77cbf5d6b9461272e') in 0.006667 seconds
  Import took 0.018810 seconds .

========================================================================
Received Import Request.
  Time since last request: 17.317384 seconds.
  path: Assets/Audio/ButtonClick.mp3
  artifactKey: Guid(d7bc460313d929c4aa1700181f421d9a) Importer(815301076,1909f56bfc062723c751e8b465ee728b)
Start importing Assets/Audio/ButtonClick.mp3 using Guid(d7bc460313d929c4aa1700181f421d9a) Importer(815301076,1909f56bfc062723c751e8b465ee728b)  -> (artifact id: '4e444b1f555b587d58d312c66adaa9a6') in 0.034386 seconds
  Import took 0.053980 seconds .

========================================================================
Received Import Request.
  Time since last request: 0.000190 seconds.
  path: Assets/Audio/CardSwipe.mp3
  artifactKey: Guid(c5a19ce464c564e429d036e0a015bc1a) Importer(815301076,1909f56bfc062723c751e8b465ee728b)
Start importing Assets/Audio/CardSwipe.mp3 using Guid(c5a19ce464c564e429d036e0a015bc1a) Importer(815301076,1909f56bfc062723c751e8b465ee728b)  -> (artifact id: 'b3c128d235cd5984ee371d78b410888f') in 0.010445 seconds
  Import took 0.016515 seconds .

========================================================================
Received Import Request.
  Time since last request: 0.000182 seconds.
  path: Assets/Audio/Gunshot.mp3
  artifactKey: Guid(3408c0fe55a428842be6f1d4c6436ca2) Importer(815301076,1909f56bfc062723c751e8b465ee728b)
Start importing Assets/Audio/Gunshot.mp3 using Guid(3408c0fe55a428842be6f1d4c6436ca2) Importer(815301076,1909f56bfc062723c751e8b465ee728b)  -> (artifact id: 'd11d925d7eb3049a5df51c6062b74ddb') in 0.010473 seconds
  Import took 0.045167 seconds .

========================================================================
Received Import Request.
  Time since last request: 10.547797 seconds.
  path: Assets/Audio/SFX/doorClose.mp3
  artifactKey: Guid(0fcfea845e80cc144be8df1679103544) Importer(815301076,1909f56bfc062723c751e8b465ee728b)
Start importing Assets/Audio/SFX/doorClose.mp3 using Guid(0fcfea845e80cc144be8df1679103544) Importer(815301076,1909f56bfc062723c751e8b465ee728b)  -> (artifact id: '192e883d94a423011ae555b01b186a1b') in 0.008047 seconds
  Import took 0.036428 seconds .

========================================================================
Received Import Request.
  Time since last request: 0.000200 seconds.
  path: Assets/Audio/SFX/elevator6.mp3
  artifactKey: Guid(77a662c54d2afdc43870f9dc0b98e642) Importer(815301076,1909f56bfc062723c751e8b465ee728b)
Start importing Assets/Audio/SFX/elevator6.mp3 using Guid(77a662c54d2afdc43870f9dc0b98e642) Importer(815301076,1909f56bfc062723c751e8b465ee728b)  -> (artifact id: '859e25bcf4ee10f034774db93279b113') in 0.008138 seconds
  Import took 0.012714 seconds .

========================================================================
Received Import Request.
  Time since last request: 0.000191 seconds.
  path: Assets/Audio/SFX/elevator102.mp3
  artifactKey: Guid(108a5e5062d483a4782ccff5ce067248) Importer(815301076,1909f56bfc062723c751e8b465ee728b)
Start importing Assets/Audio/SFX/elevator102.mp3 using Guid(108a5e5062d483a4782ccff5ce067248) Importer(815301076,1909f56bfc062723c751e8b465ee728b)  -> (artifact id: 'f7d4b0b7cf537d5fe31fdd73295f8249') in 0.008011 seconds
  Import took 0.009901 seconds .

========================================================================
Received Import Request.
  Time since last request: 0.000206 seconds.
  path: Assets/Audio/SFX/elevator25.mp3
  artifactKey: Guid(49363608acfc2d248a6677e8358e999d) Importer(815301076,1909f56bfc062723c751e8b465ee728b)
Start importing Assets/Audio/SFX/elevator25.mp3 using Guid(49363608acfc2d248a6677e8358e999d) Importer(815301076,1909f56bfc062723c751e8b465ee728b)  -> (artifact id: '4f46927df8e92dcc19a6478b56eb8a6a') in 0.008281 seconds
  Import took 0.019980 seconds .

========================================================================
Received Import Request.
  Time since last request: 0.000223 seconds.
  path: Assets/Audio/SFX/meleeSound.mp3
  artifactKey: Guid(99eda0b502524c04098bd6899aea5c8d) Importer(815301076,1909f56bfc062723c751e8b465ee728b)
Start importing Assets/Audio/SFX/meleeSound.mp3 using Guid(99eda0b502524c04098bd6899aea5c8d) Importer(815301076,1909f56bfc062723c751e8b465ee728b)  -> (artifact id: '9be4123e5e259a45c46d624684788cc4') in 0.010384 seconds
  Import took 0.026620 seconds .

========================================================================
Received Import Request.
  Time since last request: 0.000191 seconds.
  path: Assets/Audio/SFX/elevator116.mp3
  artifactKey: Guid(5a2f8b2a3e364d241b5aca1a1db20170) Importer(815301076,1909f56bfc062723c751e8b465ee728b)
Start importing Assets/Audio/SFX/elevator116.mp3 using Guid(5a2f8b2a3e364d241b5aca1a1db20170) Importer(815301076,1909f56bfc062723c751e8b465ee728b)  -> (artifact id: 'e449bb67fe6154724e91d6664e43517e') in 0.006972 seconds
  Import took 0.009199 seconds .

========================================================================
Received Import Request.
  Time since last request: 0.000231 seconds.
  path: Assets/Audio/SFX/itemPickup.mp3
  artifactKey: Guid(e867d9b0eb467ef4cad634357f92e2a7) Importer(815301076,1909f56bfc062723c751e8b465ee728b)
Start importing Assets/Audio/SFX/itemPickup.mp3 using Guid(e867d9b0eb467ef4cad634357f92e2a7) Importer(815301076,1909f56bfc062723c751e8b465ee728b)  -> (artifact id: 'e5f185b2ee35511fc73b1a6e9f3d470a') in 0.007729 seconds
  Import took 0.025589 seconds .

========================================================================
Received Import Request.
  Time since last request: 0.000192 seconds.
  path: Assets/Audio/SFX/doorOpen.mp3
  artifactKey: Guid(7e61efc5f96298848a49c1c3164892dd) Importer(815301076,1909f56bfc062723c751e8b465ee728b)
Start importing Assets/Audio/SFX/doorOpen.mp3 using Guid(7e61efc5f96298848a49c1c3164892dd) Importer(815301076,1909f56bfc062723c751e8b465ee728b)  -> (artifact id: '7619354ee1c1f7657d8191ef5bd3b3af') in 0.008048 seconds
  Import took 0.048286 seconds .

========================================================================
Received Prepare
Registering precompiled user dll's ...
Registered in 0.000368 seconds.
Begin MonoManager ReloadAssembly
Native extension for LinuxStandalone target not found
Native extension for WindowsStandalone target not found
Native extension for OSXStandalone target not found
Native extension for WebGL target not found
Refreshing native plugins compatible for Editor in 0.25 ms, found 0 plugins.
Preloading 0 native plugins for Editor in 0.00 ms.
Mono: successfully reloaded assembly
- Completed reload, in  0.633 seconds
Platform modules already initialized, skipping
Refreshing native plugins compatible for Editor in 0.24 ms, found 0 plugins.
Preloading 0 native plugins for Editor in 0.00 ms.
Unloading 1346 Unused Serialized files (Serialized files now loaded: 0)
System memory in use before: 84.2 MB.
System memory in use after: 84.2 MB.

Unloading 5 unused Assets to reduce memory usage. Loaded Objects now: 1948.
Total: 1.606800 ms (FindLiveObjects: 0.192100 ms CreateObjectMapping: 0.033700 ms MarkObjects: 1.322600 ms  DeleteObjects: 0.057400 ms)

========================================================================
Received Prepare
Registering precompiled user dll's ...
Registered in 0.000401 seconds.
Begin MonoManager ReloadAssembly
Native extension for LinuxStandalone target not found
Native extension for WindowsStandalone target not found
Native extension for OSXStandalone target not found
Native extension for WebGL target not found
Refreshing native plugins compatible for Editor in 0.25 ms, found 0 plugins.
Preloading 0 native plugins for Editor in 0.00 ms.
Mono: successfully reloaded assembly
- Completed reload, in  0.618 seconds
Platform modules already initialized, skipping
Refreshing native plugins compatible for Editor in 0.26 ms, found 0 plugins.
Preloading 0 native plugins for Editor in 0.00 ms.
Unloading 1346 Unused Serialized files (Serialized files now loaded: 0)
System memory in use before: 84.2 MB.
System memory in use after: 84.3 MB.

Unloading 5 unused Assets to reduce memory usage. Loaded Objects now: 1951.
Total: 2.096000 ms (FindLiveObjects: 0.166400 ms CreateObjectMapping: 0.032200 ms MarkObjects: 1.815000 ms  DeleteObjects: 0.081100 ms)

========================================================================
Received Prepare
Registering precompiled user dll's ...
Registered in 0.000420 seconds.
Begin MonoManager ReloadAssembly
Native extension for LinuxStandalone target not found
Native extension for WindowsStandalone target not found
Native extension for OSXStandalone target not found
Native extension for WebGL target not found
Refreshing native plugins compatible for Editor in 0.31 ms, found 0 plugins.
Preloading 0 native plugins for Editor in 0.00 ms.
Mono: successfully reloaded assembly
- Completed reload, in  0.636 seconds
Platform modules already initialized, skipping
Refreshing native plugins compatible for Editor in 0.24 ms, found 0 plugins.
Preloading 0 native plugins for Editor in 0.00 ms.
Unloading 1346 Unused Serialized files (Serialized files now loaded: 0)
System memory in use before: 84.2 MB.
System memory in use after: 84.3 MB.

Unloading 5 unused Assets to reduce memory usage. Loaded Objects now: 1954.
Total: 1.704700 ms (FindLiveObjects: 0.146600 ms CreateObjectMapping: 0.033000 ms MarkObjects: 1.463200 ms  DeleteObjects: 0.060500 ms)

========================================================================
Received Prepare
Registering precompiled user dll's ...
Registered in 0.000412 seconds.
Begin MonoManager ReloadAssembly
Native extension for LinuxStandalone target not found
Native extension for WindowsStandalone target not found
Native extension for OSXStandalone target not found
Native extension for WebGL target not found
Refreshing native plugins compatible for Editor in 0.28 ms, found 0 plugins.
Preloading 0 native plugins for Editor in 0.00 ms.
Mono: successfully reloaded assembly
- Completed reload, in  0.628 seconds
Platform modules already initialized, skipping
Refreshing native plugins compatible for Editor in 0.30 ms, found 0 plugins.
Preloading 0 native plugins for Editor in 0.00 ms.
Unloading 1346 Unused Serialized files (Serialized files now loaded: 0)
System memory in use before: 84.2 MB.
System memory in use after: 84.3 MB.

Unloading 5 unused Assets to reduce memory usage. Loaded Objects now: 1957.
Total: 1.684800 ms (FindLiveObjects: 0.193300 ms CreateObjectMapping: 0.033600 ms MarkObjects: 1.389100 ms  DeleteObjects: 0.067900 ms)

========================================================================
Received Import Request.
  Time since last request: 821.202080 seconds.
  path: Assets/Scripts/ElevatorMainScreen.cs
  artifactKey: Guid(63b1cc7301cf56340a21f052755e16da) Importer(815301076,1909f56bfc062723c751e8b465ee728b)
Start importing Assets/Scripts/ElevatorMainScreen.cs using Guid(63b1cc7301cf56340a21f052755e16da) Importer(815301076,1909f56bfc062723c751e8b465ee728b)  -> (artifact id: '797bc60279ece91110b2d7830f448636') in 0.026774 seconds
  Import took 0.042186 seconds .

========================================================================
Received Import Request.
  Time since last request: 0.623029 seconds.
  path: Assets/Scripts/EnemyController.cs
  artifactKey: Guid(9ba627eec3a7fb54e9096cc961bb0f2e) Importer(815301076,1909f56bfc062723c751e8b465ee728b)
Start importing Assets/Scripts/EnemyController.cs using Guid(9ba627eec3a7fb54e9096cc961bb0f2e) Importer(815301076,1909f56bfc062723c751e8b465ee728b)  -> (artifact id: 'f52cd25deeb9c64e65ce317ffc94ad3e') in 0.005264 seconds
  Import took 0.016848 seconds .

========================================================================
Received Import Request.
  Time since last request: 1.150875 seconds.
  path: Assets/Scripts/GunManager.cs
  artifactKey: Guid(c11ae47918d806942a664cbf5474fc84) Importer(815301076,1909f56bfc062723c751e8b465ee728b)
Start importing Assets/Scripts/GunManager.cs using Guid(c11ae47918d806942a664cbf5474fc84) Importer(815301076,1909f56bfc062723c751e8b465ee728b)  -> (artifact id: '3c6c2fab71cc9d103a0a2f48d91c88c1') in 0.024301 seconds
  Import took 0.045338 seconds .

========================================================================
Received Import Request.
  Time since last request: 0.576770 seconds.
  path: Assets/Scripts/HealthItemManager.cs
  artifactKey: Guid(6312a0e3044ad5c498ea8f91dc61b5f3) Importer(815301076,1909f56bfc062723c751e8b465ee728b)
Start importing Assets/Scripts/HealthItemManager.cs using Guid(6312a0e3044ad5c498ea8f91dc61b5f3) Importer(815301076,1909f56bfc062723c751e8b465ee728b)  -> (artifact id: '3c9b1a27deeebccada063212a88d0c32') in 0.004468 seconds
  Import took 0.006492 seconds .

========================================================================
Received Import Request.
  Time since last request: 0.979202 seconds.
  path: Assets/Scripts/KeycardButtonController.cs
  artifactKey: Guid(c010f91fa8b8f644398b4bca41c5ee03) Importer(815301076,1909f56bfc062723c751e8b465ee728b)
Start importing Assets/Scripts/KeycardButtonController.cs using Guid(c010f91fa8b8f644398b4bca41c5ee03) Importer(815301076,1909f56bfc062723c751e8b465ee728b)  -> (artifact id: 'b9c0dfa3bd8cdae9bea754e37304bf74') in 0.004488 seconds
  Import took 0.006522 seconds .

========================================================================
Received Import Request.
  Time since last request: 0.000968 seconds.
  path: Assets/Scripts/KeycardButtonController.cs
  artifactKey: Guid(c010f91fa8b8f644398b4bca41c5ee03) Importer(815301076,1909f56bfc062723c751e8b465ee728b)
Start importing Assets/Scripts/KeycardButtonController.cs using Guid(c010f91fa8b8f644398b4bca41c5ee03) Importer(815301076,1909f56bfc062723c751e8b465ee728b)  -> (artifact id: 'b9c0dfa3bd8cdae9bea754e37304bf74') in 0.001282 seconds
  Import took 0.002844 seconds .

========================================================================
Received Import Request.
  Time since last request: 1.189657 seconds.
  path: Assets/Scripts/KeycardInventoryManager.cs
  artifactKey: Guid(25d0dd752376589459164332104e3f44) Importer(815301076,1909f56bfc062723c751e8b465ee728b)
Start importing Assets/Scripts/KeycardInventoryManager.cs using Guid(25d0dd752376589459164332104e3f44) Importer(815301076,1909f56bfc062723c751e8b465ee728b)  -> (artifact id: '55c0b82beb7a06402d412f0ffee62364') in 0.004230 seconds
  Import took 0.006323 seconds .

========================================================================
Received Import Request.
  Time since last request: 0.000436 seconds.
  path: Assets/Scripts/KeycardInventoryManager.cs
  artifactKey: Guid(25d0dd752376589459164332104e3f44) Importer(815301076,1909f56bfc062723c751e8b465ee728b)
Start importing Assets/Scripts/KeycardInventoryManager.cs using Guid(25d0dd752376589459164332104e3f44) Importer(815301076,1909f56bfc062723c751e8b465ee728b)  -> (artifact id: '55c0b82beb7a06402d412f0ffee62364') in 0.001255 seconds
  Import took 0.002694 seconds .

========================================================================
Received Import Request.
  Time since last request: 4.671650 seconds.
  path: Assets/Scripts/LevelController.cs
  artifactKey: Guid(c6aab0a5a77bbe74caf2bcdcf649452c) Importer(815301076,1909f56bfc062723c751e8b465ee728b)
Start importing Assets/Scripts/LevelController.cs using Guid(c6aab0a5a77bbe74caf2bcdcf649452c) Importer(815301076,1909f56bfc062723c751e8b465ee728b)  -> (artifact id: '19103d3e0d6e0db55f113fcb3cc2b18e') in 0.004186 seconds
  Import took 0.006309 seconds .

========================================================================
Received Import Request.
  Time since last request: 0.001365 seconds.
  path: Assets/Scripts/LevelController.cs
  artifactKey: Guid(c6aab0a5a77bbe74caf2bcdcf649452c) Importer(815301076,1909f56bfc062723c751e8b465ee728b)
Start importing Assets/Scripts/LevelController.cs using Guid(c6aab0a5a77bbe74caf2bcdcf649452c) Importer(815301076,1909f56bfc062723c751e8b465ee728b)  -> (artifact id: '19103d3e0d6e0db55f113fcb3cc2b18e') in 0.015908 seconds
  Import took 0.017944 seconds .

========================================================================
Received Import Request.
  Time since last request: 0.485874 seconds.
  path: Assets/Scripts/LockerDoor.cs
  artifactKey: Guid(4482c6a5ecd95ff49993bba7d292e325) Importer(815301076,1909f56bfc062723c751e8b465ee728b)
Start importing Assets/Scripts/LockerDoor.cs using Guid(4482c6a5ecd95ff49993bba7d292e325) Importer(815301076,1909f56bfc062723c751e8b465ee728b)  -> (artifact id: '17d38defac5f17d4f12c4b25a0b3e98a') in 0.011035 seconds
  Import took 0.023083 seconds .

========================================================================
Received Import Request.
  Time since last request: 1.632878 seconds.
  path: Assets/Scripts/MenuController.cs
  artifactKey: Guid(6def9338771155540b89ce52768d13b5) Importer(815301076,1909f56bfc062723c751e8b465ee728b)
Start importing Assets/Scripts/MenuController.cs using Guid(6def9338771155540b89ce52768d13b5) Importer(815301076,1909f56bfc062723c751e8b465ee728b)  -> (artifact id: '0f039ad51c2849b290ee6f4c58ace714') in 0.004144 seconds
  Import took 0.033699 seconds .

========================================================================
Received Import Request.
  Time since last request: 0.731321 seconds.
  path: Assets/Scripts/PlayerStats.cs
  artifactKey: Guid(76fd30e04522e4c4b8d8392a213d18d7) Importer(815301076,1909f56bfc062723c751e8b465ee728b)
Start importing Assets/Scripts/PlayerStats.cs using Guid(76fd30e04522e4c4b8d8392a213d18d7) Importer(815301076,1909f56bfc062723c751e8b465ee728b)  -> (artifact id: 'ff273ff699566d52e1dd53c8c69a4198') in 0.004402 seconds
  Import took 0.019264 seconds .

========================================================================
Received Import Request.
  Time since last request: 0.648229 seconds.
  path: Assets/Scripts/SettingsMenu.cs
  artifactKey: Guid(eb79479ed6e36c344b392d01e38d3ddf) Importer(815301076,1909f56bfc062723c751e8b465ee728b)
Start importing Assets/Scripts/SettingsMenu.cs using Guid(eb79479ed6e36c344b392d01e38d3ddf) Importer(815301076,1909f56bfc062723c751e8b465ee728b)  -> (artifact id: '1dc7b5732113e31cfb181d1d36bb3722') in 0.004376 seconds
  Import took 0.015389 seconds .

========================================================================
Received Prepare
Registering precompiled user dll's ...
Registered in 0.000434 seconds.
Begin MonoManager ReloadAssembly
Native extension for LinuxStandalone target not found
Native extension for WindowsStandalone target not found
Native extension for OSXStandalone target not found
Native extension for WebGL target not found
Refreshing native plugins compatible for Editor in 0.41 ms, found 0 plugins.
Preloading 0 native plugins for Editor in 0.00 ms.
Mono: successfully reloaded assembly
- Completed reload, in  0.645 seconds
Platform modules already initialized, skipping
Refreshing native plugins compatible for Editor in 0.29 ms, found 0 plugins.
Preloading 0 native plugins for Editor in 0.00 ms.
Unloading 1346 Unused Serialized files (Serialized files now loaded: 0)
System memory in use before: 84.2 MB.
System memory in use after: 84.3 MB.

Unloading 5 unused Assets to reduce memory usage. Loaded Objects now: 1960.
Total: 1.947500 ms (FindLiveObjects: 0.207600 ms CreateObjectMapping: 0.034000 ms MarkObjects: 1.619100 ms  DeleteObjects: 0.085700 ms)

========================================================================
Received Prepare
Registering precompiled user dll's ...
Registered in 0.000484 seconds.
Begin MonoManager ReloadAssembly
Native extension for LinuxStandalone target not found
Native extension for WindowsStandalone target not found
Native extension for OSXStandalone target not found
Native extension for WebGL target not found
Refreshing native plugins compatible for Editor in 0.26 ms, found 0 plugins.
Preloading 0 native plugins for Editor in 0.00 ms.
Mono: successfully reloaded assembly
- Completed reload, in  0.625 seconds
Platform modules already initialized, skipping
Refreshing native plugins compatible for Editor in 0.25 ms, found 0 plugins.
Preloading 0 native plugins for Editor in 0.00 ms.
Unloading 1346 Unused Serialized files (Serialized files now loaded: 0)
System memory in use before: 84.2 MB.
System memory in use after: 84.3 MB.

Unloading 5 unused Assets to reduce memory usage. Loaded Objects now: 1963.
Total: 1.650500 ms (FindLiveObjects: 0.148500 ms CreateObjectMapping: 0.038500 ms MarkObjects: 1.399000 ms  DeleteObjects: 0.063400 ms)

========================================================================
Received Import Request.
  Time since last request: 522.316202 seconds.
  path: Assets/Audio/SFX/lockerOpen.mp3
  artifactKey: Guid(199cb98a35c18f94c9ab52aed78e098c) Importer(815301076,1909f56bfc062723c751e8b465ee728b)
Start importing Assets/Audio/SFX/lockerOpen.mp3 using Guid(199cb98a35c18f94c9ab52aed78e098c) Importer(815301076,1909f56bfc062723c751e8b465ee728b)  -> (artifact id: '788b84e2288483ed1c92a224c1c83bf6') in 0.031987 seconds
  Import took 0.048367 seconds .

========================================================================
Received Import Request.
  Time since last request: 171.726163 seconds.
  path: Assets/Prefabs/Basement1.prefab
  artifactKey: Guid(d472eea4f26661a4cad6a28f5310f49c) Importer(815301076,1909f56bfc062723c751e8b465ee728b)
Start importing Assets/Prefabs/Basement1.prefab using Guid(d472eea4f26661a4cad6a28f5310f49c) Importer(815301076,1909f56bfc062723c751e8b465ee728b)  -> (artifact id: '1bfd5ea7e0177da162cb114e4cf874ea') in 0.148818 seconds
  Import took 0.177133 seconds .

========================================================================
Received Import Request.
  Time since last request: 0.000214 seconds.
  path: Assets/Prefabs/Basement4.prefab
  artifactKey: Guid(2ac53a1a1f0c5934b83600cbbaab9c25) Importer(815301076,1909f56bfc062723c751e8b465ee728b)
Start importing Assets/Prefabs/Basement4.prefab using Guid(2ac53a1a1f0c5934b83600cbbaab9c25) Importer(815301076,1909f56bfc062723c751e8b465ee728b)  -> (artifact id: 'af86f9eee3bb5a7711c71d7f92296966') in 0.061179 seconds
  Import took 0.074290 seconds .

========================================================================
Received Prepare
Registering precompiled user dll's ...
Registered in 0.000417 seconds.
Begin MonoManager ReloadAssembly
Native extension for LinuxStandalone target not found
Native extension for WindowsStandalone target not found
Native extension for OSXStandalone target not found
Native extension for WebGL target not found
Refreshing native plugins compatible for Editor in 0.26 ms, found 0 plugins.
Preloading 0 native plugins for Editor in 0.00 ms.
Mono: successfully reloaded assembly
- Completed reload, in  0.633 seconds
Platform modules already initialized, skipping
Refreshing native plugins compatible for Editor in 0.26 ms, found 0 plugins.
Preloading 0 native plugins for Editor in 0.00 ms.
Unloading 1346 Unused Serialized files (Serialized files now loaded: 0)
System memory in use before: 98.4 MB.
System memory in use after: 98.4 MB.

Unloading 7 unused Assets to reduce memory usage. Loaded Objects now: 1969.
Total: 1.638100 ms (FindLiveObjects: 0.191100 ms CreateObjectMapping: 0.031900 ms MarkObjects: 1.327600 ms  DeleteObjects: 0.086100 ms)

========================================================================
Received Prepare
Registering precompiled user dll's ...
Registered in 0.000481 seconds.
Begin MonoManager ReloadAssembly
Native extension for LinuxStandalone target not found
Native extension for WindowsStandalone target not found
Native extension for OSXStandalone target not found
Native extension for WebGL target not found
Refreshing native plugins compatible for Editor in 0.25 ms, found 0 plugins.
Preloading 0 native plugins for Editor in 0.00 ms.
Mono: successfully reloaded assembly
- Completed reload, in  0.606 seconds
Platform modules already initialized, skipping
Refreshing native plugins compatible for Editor in 0.36 ms, found 0 plugins.
Preloading 0 native plugins for Editor in 0.00 ms.
Unloading 1346 Unused Serialized files (Serialized files now loaded: 0)
System memory in use before: 98.4 MB.
System memory in use after: 98.4 MB.

Unloading 5 unused Assets to reduce memory usage. Loaded Objects now: 1972.
Total: 1.776600 ms (FindLiveObjects: 0.263700 ms CreateObjectMapping: 0.035600 ms MarkObjects: 1.404700 ms  DeleteObjects: 0.071000 ms)

AssetImportWorkerClient::OnTransportError - code=2 error=End of file
